0 info it worked if it ends with ok
1 verbose cli [ '/usr/local/bin/node',
1 verbose cli   '/usr/local/bin/npm',
1 verbose cli   'i',
1 verbose cli   '--save-dev',
1 verbose cli   'babel-core',
1 verbose cli   'babel-loader',
1 verbose cli   'babel-preset-2015',
1 verbose cli   'babel-preset-react' ]
2 info using npm@2.14.2
3 info using node@v5.2.0
4 verbose install initial load of /Users/apprentice/Workspace/weka-2015/aaron/resnake/package.json
5 verbose installManyTop reading scoped package data from /Users/apprentice/Workspace/weka-2015/aaron/resnake/node_modules/babel-core/package.json
6 verbose installManyTop reading scoped package data from /Users/apprentice/Workspace/weka-2015/aaron/resnake/node_modules/babel-loader/package.json
7 verbose installManyTop reading scoped package data from /Users/apprentice/Workspace/weka-2015/aaron/resnake/node_modules/babel-preset-es2015/package.json
8 verbose installManyTop reading scoped package data from /Users/apprentice/Workspace/weka-2015/aaron/resnake/node_modules/babel-preset-react/package.json
9 verbose installManyTop reading scoped package data from /Users/apprentice/Workspace/weka-2015/aaron/resnake/node_modules/chai/package.json
10 verbose installManyTop reading scoped package data from /Users/apprentice/Workspace/weka-2015/aaron/resnake/node_modules/chai-immutable/package.json
11 verbose installManyTop reading scoped package data from /Users/apprentice/Workspace/weka-2015/aaron/resnake/node_modules/history/package.json
12 verbose installManyTop reading scoped package data from /Users/apprentice/Workspace/weka-2015/aaron/resnake/node_modules/immutable/package.json
13 verbose installManyTop reading scoped package data from /Users/apprentice/Workspace/weka-2015/aaron/resnake/node_modules/jsdom/package.json
14 verbose installManyTop reading scoped package data from /Users/apprentice/Workspace/weka-2015/aaron/resnake/node_modules/mocha/package.json
15 verbose installManyTop reading scoped package data from /Users/apprentice/Workspace/weka-2015/aaron/resnake/node_modules/pure-render-decorator/package.json
16 verbose installManyTop reading scoped package data from /Users/apprentice/Workspace/weka-2015/aaron/resnake/node_modules/react/package.json
17 verbose installManyTop reading scoped package data from /Users/apprentice/Workspace/weka-2015/aaron/resnake/node_modules/react-addons-pure-render-mixin/package.json
18 verbose installManyTop reading scoped package data from /Users/apprentice/Workspace/weka-2015/aaron/resnake/node_modules/react-dom/package.json
19 verbose installManyTop reading scoped package data from /Users/apprentice/Workspace/weka-2015/aaron/resnake/node_modules/react-hot-loader/package.json
20 verbose installManyTop reading scoped package data from /Users/apprentice/Workspace/weka-2015/aaron/resnake/node_modules/react-mixin/package.json
21 verbose installManyTop reading scoped package data from /Users/apprentice/Workspace/weka-2015/aaron/resnake/node_modules/react-redux/package.json
22 verbose installManyTop reading scoped package data from /Users/apprentice/Workspace/weka-2015/aaron/resnake/node_modules/react-router/package.json
23 verbose installManyTop reading scoped package data from /Users/apprentice/Workspace/weka-2015/aaron/resnake/node_modules/redux/package.json
24 verbose installManyTop reading scoped package data from /Users/apprentice/Workspace/weka-2015/aaron/resnake/node_modules/socket.io-client/package.json
25 verbose installManyTop reading scoped package data from /Users/apprentice/Workspace/weka-2015/aaron/resnake/node_modules/webpack/package.json
26 verbose installManyTop reading scoped package data from /Users/apprentice/Workspace/weka-2015/aaron/resnake/node_modules/webpack-dev-server/package.json
27 verbose readDependencies loading dependencies from /Users/apprentice/Workspace/weka-2015/aaron/resnake/package.json
28 verbose install babel-core is installed as 6.4.5
29 silly cache add args [ 'babel-core', null ]
30 verbose cache add spec babel-core
31 verbose install babel-loader is installed as 6.2.2
32 silly cache add args [ 'babel-loader', null ]
33 verbose cache add spec babel-loader
34 silly cache add args [ 'babel-preset-2015', null ]
35 verbose cache add spec babel-preset-2015
36 verbose install babel-preset-react is installed as 6.3.13
37 silly cache add args [ 'babel-preset-react', null ]
38 verbose cache add spec babel-preset-react
39 silly cache add parsed spec Result {
39 silly cache add   raw: 'babel-core',
39 silly cache add   scope: null,
39 silly cache add   name: 'babel-core',
39 silly cache add   rawSpec: '',
39 silly cache add   spec: '*',
39 silly cache add   type: 'range' }
40 silly addNamed babel-core@*
41 verbose addNamed "*" is a valid semver range for babel-core
42 silly addNameRange { name: 'babel-core', range: '*', hasData: false }
43 silly mapToRegistry name babel-core
44 silly mapToRegistry using default registry
45 silly mapToRegistry registry https://registry.npmjs.org/
46 silly mapToRegistry uri https://registry.npmjs.org/babel-core
47 verbose addNameRange registry:https://registry.npmjs.org/babel-core not in flight; fetching
48 silly cache add parsed spec Result {
48 silly cache add   raw: 'babel-loader',
48 silly cache add   scope: null,
48 silly cache add   name: 'babel-loader',
48 silly cache add   rawSpec: '',
48 silly cache add   spec: '*',
48 silly cache add   type: 'range' }
49 silly addNamed babel-loader@*
50 verbose addNamed "*" is a valid semver range for babel-loader
51 silly addNameRange { name: 'babel-loader', range: '*', hasData: false }
52 silly mapToRegistry name babel-loader
53 silly mapToRegistry using default registry
54 silly mapToRegistry registry https://registry.npmjs.org/
55 silly mapToRegistry uri https://registry.npmjs.org/babel-loader
56 verbose addNameRange registry:https://registry.npmjs.org/babel-loader not in flight; fetching
57 silly cache add parsed spec Result {
57 silly cache add   raw: 'babel-preset-2015',
57 silly cache add   scope: null,
57 silly cache add   name: 'babel-preset-2015',
57 silly cache add   rawSpec: '',
57 silly cache add   spec: '*',
57 silly cache add   type: 'range' }
58 silly addNamed babel-preset-2015@*
59 verbose addNamed "*" is a valid semver range for babel-preset-2015
60 silly addNameRange { name: 'babel-preset-2015', range: '*', hasData: false }
61 silly mapToRegistry name babel-preset-2015
62 silly mapToRegistry using default registry
63 silly mapToRegistry registry https://registry.npmjs.org/
64 silly mapToRegistry uri https://registry.npmjs.org/babel-preset-2015
65 verbose addNameRange registry:https://registry.npmjs.org/babel-preset-2015 not in flight; fetching
66 silly cache add parsed spec Result {
66 silly cache add   raw: 'babel-preset-react',
66 silly cache add   scope: null,
66 silly cache add   name: 'babel-preset-react',
66 silly cache add   rawSpec: '',
66 silly cache add   spec: '*',
66 silly cache add   type: 'range' }
67 silly addNamed babel-preset-react@*
68 verbose addNamed "*" is a valid semver range for babel-preset-react
69 silly addNameRange { name: 'babel-preset-react', range: '*', hasData: false }
70 silly mapToRegistry name babel-preset-react
71 silly mapToRegistry using default registry
72 silly mapToRegistry registry https://registry.npmjs.org/
73 silly mapToRegistry uri https://registry.npmjs.org/babel-preset-react
74 verbose addNameRange registry:https://registry.npmjs.org/babel-preset-react not in flight; fetching
75 verbose request uri https://registry.npmjs.org/babel-preset-react
76 verbose request no auth needed
77 info attempt registry request try #1 at 5:35:12 PM
78 verbose request id 46ddb6e3f8f2b043
79 verbose etag "9FGVE8ZILITA7SZWWHX991CUS"
80 http request GET https://registry.npmjs.org/babel-preset-react
81 verbose request uri https://registry.npmjs.org/babel-preset-2015
82 verbose request no auth needed
83 info attempt registry request try #1 at 5:35:12 PM
84 http request GET https://registry.npmjs.org/babel-preset-2015
85 verbose request uri https://registry.npmjs.org/babel-core
86 verbose request no auth needed
87 info attempt registry request try #1 at 5:35:12 PM
88 verbose etag "12D5XBV3LDPNGZTDS0H7IMFFT"
89 http request GET https://registry.npmjs.org/babel-core
90 verbose request uri https://registry.npmjs.org/babel-loader
91 verbose request no auth needed
92 info attempt registry request try #1 at 5:35:12 PM
93 verbose etag "A6YE1UVEWCOCC28H7DRC8K05J"
94 http request GET https://registry.npmjs.org/babel-loader
95 http 304 https://registry.npmjs.org/babel-preset-react
96 silly get cb [ 304,
96 silly get   { date: 'Sun, 07 Feb 2016 04:35:12 GMT',
96 silly get     via: '1.1 varnish',
96 silly get     'cache-control': 'max-age=300',
96 silly get     etag: '"9FGVE8ZILITA7SZWWHX991CUS"',
96 silly get     age: '202',
96 silly get     connection: 'keep-alive',
96 silly get     'x-served-by': 'cache-wlg7320-WLG',
96 silly get     'x-cache': 'HIT',
96 silly get     'x-cache-hits': '1',
96 silly get     'x-timer': 'S1454819712.897691,VS0,VE0',
96 silly get     vary: 'Accept' } ]
97 verbose etag https://registry.npmjs.org/babel-preset-react from cache
98 verbose get saving babel-preset-react to /Users/apprentice/.npm/registry.npmjs.org/babel-preset-react/.cache.json
99 silly addNameRange number 2 { name: 'babel-preset-react', range: '*', hasData: true }
100 silly addNameRange versions [ 'babel-preset-react',
100 silly addNameRange   [ '6.0.2',
100 silly addNameRange     '6.0.12',
100 silly addNameRange     '6.0.14',
100 silly addNameRange     '6.0.15',
100 silly addNameRange     '6.1.2',
100 silly addNameRange     '6.1.4',
100 silly addNameRange     '6.1.17',
100 silly addNameRange     '6.1.18',
100 silly addNameRange     '6.2.4',
100 silly addNameRange     '6.3.13',
100 silly addNameRange     '6.5.0',
100 silly addNameRange     '6.5.0-1' ] ]
101 silly addNamed babel-preset-react@6.3.13
102 verbose addNamed "6.3.13" is a plain semver version for babel-preset-react
103 silly cache afterAdd babel-preset-react@6.3.13
104 verbose afterAdd /Users/apprentice/.npm/babel-preset-react/6.3.13/package/package.json not in flight; writing
105 verbose afterAdd /Users/apprentice/.npm/babel-preset-react/6.3.13/package/package.json written
106 http 304 https://registry.npmjs.org/babel-loader
107 silly get cb [ 304,
107 silly get   { date: 'Sun, 07 Feb 2016 04:35:12 GMT',
107 silly get     via: '1.1 varnish',
107 silly get     'cache-control': 'max-age=300',
107 silly get     etag: '"A6YE1UVEWCOCC28H7DRC8K05J"',
107 silly get     age: '0',
107 silly get     connection: 'keep-alive',
107 silly get     'x-served-by': 'cache-wlg7320-WLG',
107 silly get     'x-cache': 'HIT',
107 silly get     'x-cache-hits': '1',
107 silly get     'x-timer': 'S1454819712.895588,VS0,VE205',
107 silly get     vary: 'Accept' } ]
108 verbose etag https://registry.npmjs.org/babel-loader from cache
109 verbose get saving babel-loader to /Users/apprentice/.npm/registry.npmjs.org/babel-loader/.cache.json
110 http 304 https://registry.npmjs.org/babel-core
111 silly get cb [ 304,
111 silly get   { date: 'Sun, 07 Feb 2016 04:35:12 GMT',
111 silly get     via: '1.1 varnish',
111 silly get     'cache-control': 'max-age=300',
111 silly get     etag: '"12D5XBV3LDPNGZTDS0H7IMFFT"',
111 silly get     age: '0',
111 silly get     connection: 'keep-alive',
111 silly get     'x-served-by': 'cache-wlg7320-WLG',
111 silly get     'x-cache': 'HIT',
111 silly get     'x-cache-hits': '1',
111 silly get     'x-timer': 'S1454819712.897670,VS0,VE204',
111 silly get     vary: 'Accept' } ]
112 verbose etag https://registry.npmjs.org/babel-core from cache
113 verbose get saving babel-core to /Users/apprentice/.npm/registry.npmjs.org/babel-core/.cache.json
114 http 404 https://registry.npmjs.org/babel-preset-2015
115 verbose headers { 'content-type': 'application/json',
115 verbose headers   'cache-control': 'max-age=0',
115 verbose headers   'content-length': '2',
115 verbose headers   'accept-ranges': 'bytes',
115 verbose headers   date: 'Sun, 07 Feb 2016 04:35:13 GMT',
115 verbose headers   via: '1.1 varnish',
115 verbose headers   age: '0',
115 verbose headers   connection: 'keep-alive',
115 verbose headers   'x-served-by': 'cache-wlg7320-WLG',
115 verbose headers   'x-cache': 'MISS',
115 verbose headers   'x-cache-hits': '0',
115 verbose headers   'x-timer': 'S1454819712.896152,VS0,VE207' }
116 silly get cb [ 404,
116 silly get   { 'content-type': 'application/json',
116 silly get     'cache-control': 'max-age=0',
116 silly get     'content-length': '2',
116 silly get     'accept-ranges': 'bytes',
116 silly get     date: 'Sun, 07 Feb 2016 04:35:13 GMT',
116 silly get     via: '1.1 varnish',
116 silly get     age: '0',
116 silly get     connection: 'keep-alive',
116 silly get     'x-served-by': 'cache-wlg7320-WLG',
116 silly get     'x-cache': 'MISS',
116 silly get     'x-cache-hits': '0',
116 silly get     'x-timer': 'S1454819712.896152,VS0,VE207' } ]
117 silly addNameRange number 2 { name: 'babel-core', range: '*', hasData: true }
118 silly addNameRange versions [ 'babel-core',
118 silly addNameRange   [ '4.0.1',
118 silly addNameRange     '4.0.2',
118 silly addNameRange     '4.1.1',
118 silly addNameRange     '4.2.0',
118 silly addNameRange     '4.2.1',
118 silly addNameRange     '4.3.0',
118 silly addNameRange     '4.4.1',
118 silly addNameRange     '4.4.2',
118 silly addNameRange     '4.4.3',
118 silly addNameRange     '4.4.4',
118 silly addNameRange     '4.4.5',
118 silly addNameRange     '4.4.6',
118 silly addNameRange     '4.5.0',
118 silly addNameRange     '4.5.1',
118 silly addNameRange     '4.5.2',
118 silly addNameRange     '4.5.3',
118 silly addNameRange     '4.5.4',
118 silly addNameRange     '4.5.5',
118 silly addNameRange     '4.6.0',
118 silly addNameRange     '4.6.1',
118 silly addNameRange     '4.6.3',
118 silly addNameRange     '4.6.4',
118 silly addNameRange     '4.6.5',
118 silly addNameRange     '4.6.6',
118 silly addNameRange     '4.7.0',
118 silly addNameRange     '4.7.1',
118 silly addNameRange     '4.7.2',
118 silly addNameRange     '4.7.3',
118 silly addNameRange     '4.7.4',
118 silly addNameRange     '4.7.5',
118 silly addNameRange     '4.7.6',
118 silly addNameRange     '4.7.7',
118 silly addNameRange     '4.7.8',
118 silly addNameRange     '4.7.9',
118 silly addNameRange     '4.7.10',
118 silly addNameRange     '4.7.11',
118 silly addNameRange     '4.7.12',
118 silly addNameRange     '4.7.13',
118 silly addNameRange     '4.7.14',
118 silly addNameRange     '4.7.15',
118 silly addNameRange     '4.7.16',
118 silly addNameRange     '5.0.0-beta2',
118 silly addNameRange     '5.0.0-beta3',
118 silly addNameRange     '5.0.0-beta4',
118 silly addNameRange     '5.0.0',
118 silly addNameRange     '5.0.1',
118 silly addNameRange     '5.0.2',
118 silly addNameRange     '5.0.3',
118 silly addNameRange     '5.0.4',
118 silly addNameRange     '5.0.5',
118 silly addNameRange     '5.0.6',
118 silly addNameRange     '5.0.7',
118 silly addNameRange     '5.0.8',
118 silly addNameRange     '5.0.9',
118 silly addNameRange     '5.0.10',
118 silly addNameRange     '5.0.11',
118 silly addNameRange     '5.0.12',
118 silly addNameRange     '5.0.13',
118 silly addNameRange     '5.1.0',
118 silly addNameRange     '5.1.1',
118 silly addNameRange     '5.1.2',
118 silly addNameRange     '5.1.3',
118 silly addNameRange     '5.1.4',
118 silly addNameRange     '5.1.5',
118 silly addNameRange     '5.1.6',
118 silly addNameRange     '5.1.7',
118 silly addNameRange     '5.1.8',
118 silly addNameRange     '5.1.9',
118 silly addNameRange     '5.1.10',
118 silly addNameRange     '5.1.11',
118 silly addNameRange     '5.1.12',
118 silly addNameRange     '5.1.13',
118 silly addNameRange     '5.2.0',
118 silly addNameRange     '5.2.1',
118 silly addNameRange     '5.2.2',
118 silly addNameRange     '5.2.3',
118 silly addNameRange     '5.2.4',
118 silly addNameRange     '5.2.5',
118 silly addNameRange     '5.2.6',
118 silly addNameRange     '5.2.7',
118 silly addNameRange     '5.2.9',
118 silly addNameRange     '5.2.10',
118 silly addNameRange     '5.2.11',
118 silly addNameRange     '5.2.12',
118 silly addNameRange     '5.2.13',
118 silly addNameRange     '5.2.14',
118 silly addNameRange     '5.2.15',
118 silly addNameRange     '5.2.16',
118 silly addNameRange     '5.2.17',
118 silly addNameRange     '5.3.0',
118 silly addNameRange     '5.3.1',
118 silly addNameRange     '5.3.2',
118 silly addNameRange     '5.3.3',
118 silly addNameRange     '5.4.0',
118 silly addNameRange     '5.4.1',
118 silly addNameRange     '5.4.2',
118 silly addNameRange     '5.4.3',
118 silly addNameRange     '5.4.4',
118 silly addNameRange     '5.4.5',
118 silly addNameRange     '5.4.6',
118 silly addNameRange     '5.4.7',
118 silly addNameRange     '5.5.0',
118 silly addNameRange     '5.5.1',
118 silly addNameRange     '5.5.2',
118 silly addNameRange     '5.5.3',
118 silly addNameRange     '5.5.4',
118 silly addNameRange     '5.5.5',
118 silly addNameRange     '5.5.6',
118 silly addNameRange     '5.5.7',
118 silly addNameRange     '5.5.8',
118 silly addNameRange     '5.6.1',
118 silly addNameRange     '5.6.2',
118 silly addNameRange     '5.6.3',
118 silly addNameRange     '5.6.4',
118 silly addNameRange     '5.6.5',
118 silly addNameRange     '5.6.6',
118 silly addNameRange     '5.6.7',
118 silly addNameRange     '5.6.10',
118 silly addNameRange     '5.6.11',
118 silly addNameRange     '5.6.12',
118 silly addNameRange     '5.6.14',
118 silly addNameRange     '5.6.15',
118 silly addNameRange     '5.6.16',
118 silly addNameRange     '5.6.18',
118 silly addNameRange     '5.6.19',
118 silly addNameRange     '5.6.20',
118 silly addNameRange     '5.7.0',
118 silly addNameRange     '5.7.1',
118 silly addNameRange     '5.7.2',
118 silly addNameRange     '5.7.3',
118 silly addNameRange     '5.7.4',
118 silly addNameRange     '5.8.1',
118 silly addNameRange     '5.8.2',
118 silly addNameRange     '5.8.3',
118 silly addNameRange     '5.8.5',
118 silly addNameRange     '5.8.6',
118 silly addNameRange     '5.8.8',
118 silly addNameRange     '5.8.9',
118 silly addNameRange     '5.8.12',
118 silly addNameRange     '5.8.14',
118 silly addNameRange     '5.8.19',
118 silly addNameRange     '5.8.20',
118 silly addNameRange     '5.8.21',
118 silly addNameRange     '5.8.22',
118 silly addNameRange     '5.8.23',
118 silly addNameRange     '5.8.24',
118 silly addNameRange     '5.8.25',
118 silly addNameRange     '5.8.29',
118 silly addNameRange     '5.8.30',
118 silly addNameRange     '5.8.31',
118 silly addNameRange     '5.8.32',
118 silly addNameRange     '5.8.33',
118 silly addNameRange     '6.0.0',
118 silly addNameRange     '6.0.1',
118 silly addNameRange     '6.0.2',
118 silly addNameRange     '6.0.12',
118 silly addNameRange     '6.0.14',
118 silly addNameRange     '6.0.15',
118 silly addNameRange     '6.0.16',
118 silly addNameRange     '6.0.17',
118 silly addNameRange     '6.0.18',
118 silly addNameRange     '6.0.19',
118 silly addNameRange     '6.0.20',
118 silly addNameRange     '6.1.2',
118 silly addNameRange     '6.1.4',
118 silly addNameRange     '5.8.34',
118 silly addNameRange     '6.1.5',
118 silly addNameRange     '6.1.6',
118 silly addNameRange     '6.1.7',
118 silly addNameRange     '6.1.8',
118 silly addNameRange     '6.1.9',
118 silly addNameRange     '6.1.10',
118 silly addNameRange     '6.1.11',
118 silly addNameRange     '6.1.12',
118 silly addNameRange     '6.1.13',
118 silly addNameRange     '6.1.14',
118 silly addNameRange     '6.1.15',
118 silly addNameRange     '6.1.16',
118 silly addNameRange     '6.1.17',
118 silly addNameRange     '6.1.18',
118 silly addNameRange     '6.1.19',
118 silly addNameRange     '6.1.20',
118 silly addNameRange     '6.1.21',
118 silly addNameRange     '6.2.0',
118 silly addNameRange     '6.2.1',
118 silly addNameRange     '6.2.4',
118 silly addNameRange     '6.3.2',
118 silly addNameRange     '6.3.13',
118 silly addNameRange     '6.3.15',
118 silly addNameRange     '6.3.17',
118 silly addNameRange     '6.3.21',
118 silly addNameRange     '6.3.26',
118 silly addNameRange     '6.4.0',
118 silly addNameRange     '6.4.5',
118 silly addNameRange     '5.8.35',
118 silly addNameRange     '6.5.0',
118 silly addNameRange     '6.5.0-1' ] ]
119 silly addNamed babel-core@6.4.5
120 verbose addNamed "6.4.5" is a plain semver version for babel-core
121 silly addNameRange number 2 { name: 'babel-loader', range: '*', hasData: true }
122 silly addNameRange versions [ 'babel-loader',
122 silly addNameRange   [ '4.0.0',
122 silly addNameRange     '4.1.0',
122 silly addNameRange     '4.2.0',
122 silly addNameRange     '4.3.0',
122 silly addNameRange     '5.0.0',
122 silly addNameRange     '5.1.0',
122 silly addNameRange     '5.1.2',
122 silly addNameRange     '5.1.3',
122 silly addNameRange     '5.1.4',
122 silly addNameRange     '5.2.0',
122 silly addNameRange     '5.2.1',
122 silly addNameRange     '5.2.2',
122 silly addNameRange     '5.3.0',
122 silly addNameRange     '5.3.1',
122 silly addNameRange     '5.3.2',
122 silly addNameRange     '5.3.3',
122 silly addNameRange     '6.0.0',
122 silly addNameRange     '6.0.1',
122 silly addNameRange     '6.1.0',
122 silly addNameRange     '5.4.0',
122 silly addNameRange     '6.2.0',
122 silly addNameRange     '6.2.1',
122 silly addNameRange     '6.2.2' ] ]
123 silly addNamed babel-loader@6.2.2
124 verbose addNamed "6.2.2" is a plain semver version for babel-loader
125 silly cache afterAdd babel-core@6.4.5
126 verbose afterAdd /Users/apprentice/.npm/babel-core/6.4.5/package/package.json not in flight; writing
127 verbose afterAdd /Users/apprentice/.npm/babel-core/6.4.5/package/package.json written
128 silly cache afterAdd babel-loader@6.2.2
129 verbose afterAdd /Users/apprentice/.npm/babel-loader/6.2.2/package/package.json not in flight; writing
130 verbose afterAdd /Users/apprentice/.npm/babel-loader/6.2.2/package/package.json written
131 verbose stack Error: Registry returned 404 for GET on https://registry.npmjs.org/babel-preset-2015
131 verbose stack     at makeError (/usr/local/lib/node_modules/npm/node_modules/npm-registry-client/lib/request.js:263:12)
131 verbose stack     at CachingRegistryClient.<anonymous> (/usr/local/lib/node_modules/npm/node_modules/npm-registry-client/lib/request.js:241:14)
131 verbose stack     at Request._callback (/usr/local/lib/node_modules/npm/node_modules/npm-registry-client/lib/request.js:171:14)
131 verbose stack     at Request.self.callback (/usr/local/lib/node_modules/npm/node_modules/request/request.js:198:22)
131 verbose stack     at emitTwo (events.js:88:13)
131 verbose stack     at Request.emit (events.js:173:7)
131 verbose stack     at Request.<anonymous> (/usr/local/lib/node_modules/npm/node_modules/request/request.js:1073:14)
131 verbose stack     at emitOne (events.js:83:20)
131 verbose stack     at Request.emit (events.js:170:7)
131 verbose stack     at IncomingMessage.<anonymous> (/usr/local/lib/node_modules/npm/node_modules/request/request.js:1019:12)
132 verbose statusCode 404
133 verbose pkgid babel-preset-2015
134 verbose cwd /Users/apprentice/Workspace/weka-2015/aaron/resnake
135 error Darwin 14.1.0
136 error argv "/usr/local/bin/node" "/usr/local/bin/npm" "i" "--save-dev" "babel-core" "babel-loader" "babel-preset-2015" "babel-preset-react"
137 error node v5.2.0
138 error npm  v2.14.2
139 error code E404
140 error 404 Registry returned 404 for GET on https://registry.npmjs.org/babel-preset-2015
140 error 404
140 error 404 'babel-preset-2015' is not in the npm registry.
140 error 404 You should bug the author to publish it (or use the name yourself!)
140 error 404 It was specified as a dependency of 'resnake'
140 error 404
140 error 404 Note that you can also install from a
140 error 404 tarball, folder, http url, or git url.
141 verbose exit [ 1, true ]
